<?xml version="1.0" encoding="UTF-8"?>
<testng-results ignored="1" total="2" passed="1" failed="0" skipped="0">
  <reporter-output>
  </reporter-output>
  <suite started-at="2023-05-11T15:40:50 CEST" name="User" finished-at="2023-05-11T15:41:01 CEST" duration-ms="11118">
    <groups>
    </groups>
    <test started-at="2023-05-11T15:40:50 CEST" name="UserTests" finished-at="2023-05-11T15:41:01 CEST" duration-ms="11118">
      <class name="tests.bookStore.LoginPageTests">
        <test-method is-config="true" signature="setUp()[pri:0, instance:tests.bookStore.LoginPageTests@48fa0f47]" started-at="2023-05-11T15:40:50 CEST" name="setUp" finished-at="2023-05-11T15:40:58 CEST" duration-ms="7893" status="PASS">
          <reporter-output>
          </reporter-output>
        </test-method> <!-- setUp -->
        <test-method is-config="true" signature="precondition()[pri:0, instance:tests.bookStore.LoginPageTests@48fa0f47]" started-at="2023-05-11T15:40:58 CEST" name="precondition" finished-at="2023-05-11T15:40:59 CEST" duration-ms="1091" status="PASS">
          <reporter-output>
          </reporter-output>
        </test-method> <!-- precondition -->
        <test-method signature="loginPositiveWithParametersTest(java.lang.String,java.lang.String)[pri:0, instance:tests.bookStore.LoginPageTests@48fa0f47]" started-at="2023-05-11T15:40:59 CEST" name="loginPositiveWithParametersTest" finished-at="2023-05-11T15:41:00 CEST" duration-ms="1562" status="PASS">
          <params>
            <param index="0">
              <value>
                <![CDATA[neuer]]>
              </value>
            </param>
            <param index="1">
              <value>
                <![CDATA[Neuer1234!]]>
              </value>
            </param>
          </params>
          <reporter-output>
          </reporter-output>
        </test-method> <!-- loginPositiveWithParametersTest -->
        <test-method is-config="true" signature="tearDown()[pri:0, instance:tests.bookStore.LoginPageTests@48fa0f47]" started-at="2023-05-11T15:41:00 CEST" name="tearDown" finished-at="2023-05-11T15:41:01 CEST" duration-ms="497" status="PASS">
          <reporter-output>
          </reporter-output>
        </test-method> <!-- tearDown -->
      </class> <!-- tests.bookStore.LoginPageTests -->
    </test> <!-- UserTests -->
  </suite> <!-- User -->
</testng-results>
