<?xml version="1.0" encoding="UTF-8"?>
<!-- Generated by org.testng.reporters.JUnitXMLReporter -->
<testsuite ignored="1" hostname="DESKTOP-MIE8JAS" failures="0" tests="1" name="UserTests" time="11.118" errors="0" timestamp="2023-05-11T15:41:01 CEST">
  <testcase classname="tests.bookStore.LoginPageTests" name="loginPositiveWithParametersTest" time="1.562"/>
  <testcase classname="tests.bookStore.LoginPageTests" name="loginPositiveTest" time="0.0">
    <ignored/>
  </testcase> <!-- loginPositiveTest -->
</testsuite> <!-- UserTests -->
